<?xml version="1.0" encoding="UTF-8"?>
<!-- Generated by org.testng.reporters.JUnitXMLReporter -->
<testsuite ignored="0" hostname="LAPTOP-GHF851IF" failures="0" tests="5" name="TestChrome" time="109.058" errors="0" timestamp="2023-11-10T10:22:18 ICT">
  <testcase classname="testscases.LoginTest" name="loginSuccessfullyWithStandardUser" time="0.69"/>
  <testcase classname="testscases.LoginTest" name="loginUnsuccessfullyWithEmptyPassword" time="10.813"/>
  <testcase classname="testscases.LoginTest" name="loginUnsuccessfullyWithEmptyUser" time="10.845"/>
  <testcase classname="testscases.LoginTest" name="loginUnsuccessfullyWithWrongPassword" time="11.08"/>
  <testcase classname="testscases.LoginTest" name="loginUnsuccessfullyWithWrongUser" time="10.804"/>
</testsuite> <!-- TestChrome -->
