<?xml version="1.0" encoding="UTF-8"?>
<testng-results ignored="0" total="5" passed="5" failed="0" skipped="0">
  <reporter-output>
  </reporter-output>
  <suite started-at="2023-11-06T15:22:56 ICT" name="Suit" finished-at="2023-11-06T15:24:06 ICT" duration-ms="69506">
    <groups>
    </groups>
    <test started-at="2023-11-06T15:22:56 ICT" name="TestChrome" finished-at="2023-11-06T15:24:06 ICT" duration-ms="69506">
      <class name="testscases.LoginTest">
        <test-method is-config="true" signature="setUp(java.lang.String)[pri:0, instance:testscases.LoginTest@124c278f]" started-at="2023-11-06T15:22:56 ICT" name="setUp" finished-at="2023-11-06T15:23:01 ICT" duration-ms="4420" status="PASS">
          <params>
            <param index="0">
              <value>
                <![CDATA[chrome]]>
              </value>
            </param>
          </params>
          <reporter-output>
          </reporter-output>
        </test-method> <!-- setUp -->
        <test-method signature="loginSuccessfullyWithStandardUser()[pri:0, instance:testscases.LoginTest@124c278f]" started-at="2023-11-06T15:23:01 ICT" name="loginSuccessfullyWithStandardUser" finished-at="2023-11-06T15:23:01 ICT" duration-ms="594" status="PASS">
          <reporter-output>
          </reporter-output>
        </test-method> <!-- loginSuccessfullyWithStandardUser -->
        <test-method is-config="true" signature="tearDown(org.testng.ITestResult)[pri:0, instance:testscases.LoginTest@124c278f]" started-at="2023-11-06T15:23:01 ICT" name="tearDown" finished-at="2023-11-06T15:23:01 ICT" duration-ms="1" status="PASS">
          <params>
            <param index="0">
              <value>
                <![CDATA[[TestResult name=loginSuccessfullyWithStandardUser status=SUCCESS method=LoginTest.loginSuccessfullyWithStandardUser()[pri:0, instance:testscases.LoginTest@124c278f] output={null}]]]>
              </value>
            </param>
          </params>
          <reporter-output>
          </reporter-output>
        </test-method> <!-- tearDown -->
        <test-method is-config="true" signature="setUp(java.lang.String)[pri:0, instance:testscases.LoginTest@124c278f]" started-at="2023-11-06T15:23:01 ICT" name="setUp" finished-at="2023-11-06T15:23:04 ICT" duration-ms="2503" status="PASS">
          <params>
            <param index="0">
              <value>
                <![CDATA[chrome]]>
              </value>
            </param>
          </params>
          <reporter-output>
          </reporter-output>
        </test-method> <!-- setUp -->
        <test-method signature="loginUnsuccessfullyWithEmptyPassword()[pri:0, instance:testscases.LoginTest@124c278f]" started-at="2023-11-06T15:23:04 ICT" name="loginUnsuccessfullyWithEmptyPassword" finished-at="2023-11-06T15:23:15 ICT" duration-ms="10832" status="PASS">
          <reporter-output>
          </reporter-output>
        </test-method> <!-- loginUnsuccessfullyWithEmptyPassword -->
        <test-method is-config="true" signature="tearDown(org.testng.ITestResult)[pri:0, instance:testscases.LoginTest@124c278f]" started-at="2023-11-06T15:23:15 ICT" name="tearDown" finished-at="2023-11-06T15:23:15 ICT" duration-ms="1" status="PASS">
          <params>
            <param index="0">
              <value>
                <![CDATA[[TestResult name=loginUnsuccessfullyWithEmptyPassword status=SUCCESS method=LoginTest.loginUnsuccessfullyWithEmptyPassword()[pri:0, instance:testscases.LoginTest@124c278f] output={null}]]]>
              </value>
            </param>
          </params>
          <reporter-output>
          </reporter-output>
        </test-method> <!-- tearDown -->
        <test-method is-config="true" signature="setUp(java.lang.String)[pri:0, instance:testscases.LoginTest@124c278f]" started-at="2023-11-06T15:23:15 ICT" name="setUp" finished-at="2023-11-06T15:23:26 ICT" duration-ms="11238" status="PASS">
          <params>
            <param index="0">
              <value>
                <![CDATA[chrome]]>
              </value>
            </param>
          </params>
          <reporter-output>
          </reporter-output>
        </test-method> <!-- setUp -->
        <test-method signature="loginUnsuccessfullyWithEmptyUser()[pri:0, instance:testscases.LoginTest@124c278f]" started-at="2023-11-06T15:23:26 ICT" name="loginUnsuccessfullyWithEmptyUser" finished-at="2023-11-06T15:23:37 ICT" duration-ms="10722" status="PASS">
          <reporter-output>
          </reporter-output>
        </test-method> <!-- loginUnsuccessfullyWithEmptyUser -->
        <test-method is-config="true" signature="tearDown(org.testng.ITestResult)[pri:0, instance:testscases.LoginTest@124c278f]" started-at="2023-11-06T15:23:37 ICT" name="tearDown" finished-at="2023-11-06T15:23:37 ICT" duration-ms="1" status="PASS">
          <params>
            <param index="0">
              <value>
                <![CDATA[[TestResult name=loginUnsuccessfullyWithEmptyUser status=SUCCESS method=LoginTest.loginUnsuccessfullyWithEmptyUser()[pri:0, instance:testscases.LoginTest@124c278f] output={null}]]]>
              </value>
            </param>
          </params>
          <reporter-output>
          </reporter-output>
        </test-method> <!-- tearDown -->
        <test-method is-config="true" signature="setUp(java.lang.String)[pri:0, instance:testscases.LoginTest@124c278f]" started-at="2023-11-06T15:23:37 ICT" name="setUp" finished-at="2023-11-06T15:23:40 ICT" duration-ms="3528" status="PASS">
          <params>
            <param index="0">
              <value>
                <![CDATA[chrome]]>
              </value>
            </param>
          </params>
          <reporter-output>
          </reporter-output>
        </test-method> <!-- setUp -->
        <test-method signature="loginUnsuccessfullyWithWrongPassword()[pri:0, instance:testscases.LoginTest@124c278f]" started-at="2023-11-06T15:23:40 ICT" name="loginUnsuccessfullyWithWrongPassword" finished-at="2023-11-06T15:23:51 ICT" duration-ms="10748" status="PASS">
          <reporter-output>
          </reporter-output>
        </test-method> <!-- loginUnsuccessfullyWithWrongPassword -->
        <test-method is-config="true" signature="tearDown(org.testng.ITestResult)[pri:0, instance:testscases.LoginTest@124c278f]" started-at="2023-11-06T15:23:51 ICT" name="tearDown" finished-at="2023-11-06T15:23:51 ICT" duration-ms="1" status="PASS">
          <params>
            <param index="0">
              <value>
                <![CDATA[[TestResult name=loginUnsuccessfullyWithWrongPassword status=SUCCESS method=LoginTest.loginUnsuccessfullyWithWrongPassword()[pri:0, instance:testscases.LoginTest@124c278f] output={null}]]]>
              </value>
            </param>
          </params>
          <reporter-output>
          </reporter-output>
        </test-method> <!-- tearDown -->
        <test-method is-config="true" signature="setUp(java.lang.String)[pri:0, instance:testscases.LoginTest@124c278f]" started-at="2023-11-06T15:23:51 ICT" name="setUp" finished-at="2023-11-06T15:23:55 ICT" duration-ms="4153" status="PASS">
          <params>
            <param index="0">
              <value>
                <![CDATA[chrome]]>
              </value>
            </param>
          </params>
          <reporter-output>
          </reporter-output>
        </test-method> <!-- setUp -->
        <test-method signature="loginUnsuccessfullyWithWrongUser()[pri:0, instance:testscases.LoginTest@124c278f]" started-at="2023-11-06T15:23:55 ICT" name="loginUnsuccessfullyWithWrongUser" finished-at="2023-11-06T15:24:06 ICT" duration-ms="10684" status="PASS">
          <reporter-output>
          </reporter-output>
        </test-method> <!-- loginUnsuccessfullyWithWrongUser -->
        <test-method is-config="true" signature="tearDown(org.testng.ITestResult)[pri:0, instance:testscases.LoginTest@124c278f]" started-at="2023-11-06T15:24:06 ICT" name="tearDown" finished-at="2023-11-06T15:24:06 ICT" duration-ms="0" status="PASS">
          <params>
            <param index="0">
              <value>
                <![CDATA[[TestResult name=loginUnsuccessfullyWithWrongUser status=SUCCESS method=LoginTest.loginUnsuccessfullyWithWrongUser()[pri:0, instance:testscases.LoginTest@124c278f] output={null}]]]>
              </value>
            </param>
          </params>
          <reporter-output>
          </reporter-output>
        </test-method> <!-- tearDown -->
      </class> <!-- testscases.LoginTest -->
    </test> <!-- TestChrome -->
  </suite> <!-- Suit -->
</testng-results>
