<?xml version="1.0" encoding="UTF-8"?>
<testng-results ignored="0" total="5" passed="5" failed="0" skipped="0">
  <reporter-output>
  </reporter-output>
  <suite started-at="2023-11-10T10:20:29 ICT" name="Suit" finished-at="2023-11-10T10:22:18 ICT" duration-ms="109058">
    <groups>
    </groups>
    <test started-at="2023-11-10T10:20:29 ICT" name="TestChrome" finished-at="2023-11-10T10:22:18 ICT" duration-ms="109058">
      <class name="testscases.LoginTest">
        <test-method is-config="true" signature="setUp(java.lang.String)[pri:0, instance:testscases.LoginTest@45b9a632]" started-at="2023-11-10T10:20:29 ICT" name="setUp" finished-at="2023-11-10T10:20:51 ICT" duration-ms="21886" status="PASS">
          <params>
            <param index="0">
              <value>
                <![CDATA[chrome]]>
              </value>
            </param>
          </params>
          <reporter-output>
          </reporter-output>
        </test-method> <!-- setUp -->
        <test-method signature="loginSuccessfullyWithStandardUser()[pri:0, instance:testscases.LoginTest@45b9a632]" started-at="2023-11-10T10:20:51 ICT" name="loginSuccessfullyWithStandardUser" finished-at="2023-11-10T10:20:52 ICT" duration-ms="690" status="PASS">
          <reporter-output>
          </reporter-output>
        </test-method> <!-- loginSuccessfullyWithStandardUser -->
        <test-method is-config="true" signature="tearDown(org.testng.ITestResult)[pri:0, instance:testscases.LoginTest@45b9a632]" started-at="2023-11-10T10:20:52 ICT" name="tearDown" finished-at="2023-11-10T10:20:52 ICT" duration-ms="1" status="PASS">
          <params>
            <param index="0">
              <value>
                <![CDATA[[TestResult name=loginSuccessfullyWithStandardUser status=SUCCESS method=LoginTest.loginSuccessfullyWithStandardUser()[pri:0, instance:testscases.LoginTest@45b9a632] output={null}]]]>
              </value>
            </param>
          </params>
          <reporter-output>
          </reporter-output>
        </test-method> <!-- tearDown -->
        <test-method is-config="true" signature="setUp(java.lang.String)[pri:0, instance:testscases.LoginTest@45b9a632]" started-at="2023-11-10T10:20:52 ICT" name="setUp" finished-at="2023-11-10T10:20:58 ICT" duration-ms="6415" status="PASS">
          <params>
            <param index="0">
              <value>
                <![CDATA[chrome]]>
              </value>
            </param>
          </params>
          <reporter-output>
          </reporter-output>
        </test-method> <!-- setUp -->
        <test-method signature="loginUnsuccessfullyWithEmptyPassword()[pri:0, instance:testscases.LoginTest@45b9a632]" started-at="2023-11-10T10:20:58 ICT" name="loginUnsuccessfullyWithEmptyPassword" finished-at="2023-11-10T10:21:09 ICT" duration-ms="10813" status="PASS">
          <reporter-output>
          </reporter-output>
        </test-method> <!-- loginUnsuccessfullyWithEmptyPassword -->
        <test-method is-config="true" signature="setUp(java.lang.String)[pri:0, instance:testscases.LoginTest@45b9a632]" started-at="2023-11-10T10:21:09 ICT" name="setUp" finished-at="2023-11-10T10:21:34 ICT" duration-ms="24830" status="PASS">
          <params>
            <param index="0">
              <value>
                <![CDATA[chrome]]>
              </value>
            </param>
          </params>
          <reporter-output>
          </reporter-output>
        </test-method> <!-- setUp -->
        <test-method is-config="true" signature="tearDown(org.testng.ITestResult)[pri:0, instance:testscases.LoginTest@45b9a632]" started-at="2023-11-10T10:21:09 ICT" name="tearDown" finished-at="2023-11-10T10:21:09 ICT" duration-ms="0" status="PASS">
          <params>
            <param index="0">
              <value>
                <![CDATA[[TestResult name=loginUnsuccessfullyWithEmptyPassword status=SUCCESS method=LoginTest.loginUnsuccessfullyWithEmptyPassword()[pri:0, instance:testscases.LoginTest@45b9a632] output={null}]]]>
              </value>
            </param>
          </params>
          <reporter-output>
          </reporter-output>
        </test-method> <!-- tearDown -->
        <test-method signature="loginUnsuccessfullyWithEmptyUser()[pri:0, instance:testscases.LoginTest@45b9a632]" started-at="2023-11-10T10:21:34 ICT" name="loginUnsuccessfullyWithEmptyUser" finished-at="2023-11-10T10:21:45 ICT" duration-ms="10845" status="PASS">
          <reporter-output>
          </reporter-output>
        </test-method> <!-- loginUnsuccessfullyWithEmptyUser -->
        <test-method is-config="true" signature="setUp(java.lang.String)[pri:0, instance:testscases.LoginTest@45b9a632]" started-at="2023-11-10T10:21:45 ICT" name="setUp" finished-at="2023-11-10T10:21:48 ICT" duration-ms="2828" status="PASS">
          <params>
            <param index="0">
              <value>
                <![CDATA[chrome]]>
              </value>
            </param>
          </params>
          <reporter-output>
          </reporter-output>
        </test-method> <!-- setUp -->
        <test-method is-config="true" signature="tearDown(org.testng.ITestResult)[pri:0, instance:testscases.LoginTest@45b9a632]" started-at="2023-11-10T10:21:45 ICT" name="tearDown" finished-at="2023-11-10T10:21:45 ICT" duration-ms="0" status="PASS">
          <params>
            <param index="0">
              <value>
                <![CDATA[[TestResult name=loginUnsuccessfullyWithEmptyUser status=SUCCESS method=LoginTest.loginUnsuccessfullyWithEmptyUser()[pri:0, instance:testscases.LoginTest@45b9a632] output={null}]]]>
              </value>
            </param>
          </params>
          <reporter-output>
          </reporter-output>
        </test-method> <!-- tearDown -->
        <test-method signature="loginUnsuccessfullyWithWrongPassword()[pri:0, instance:testscases.LoginTest@45b9a632]" started-at="2023-11-10T10:21:48 ICT" name="loginUnsuccessfullyWithWrongPassword" finished-at="2023-11-10T10:21:59 ICT" duration-ms="11080" status="PASS">
          <reporter-output>
          </reporter-output>
        </test-method> <!-- loginUnsuccessfullyWithWrongPassword -->
        <test-method is-config="true" signature="tearDown(org.testng.ITestResult)[pri:0, instance:testscases.LoginTest@45b9a632]" started-at="2023-11-10T10:21:59 ICT" name="tearDown" finished-at="2023-11-10T10:21:59 ICT" duration-ms="0" status="PASS">
          <params>
            <param index="0">
              <value>
                <![CDATA[[TestResult name=loginUnsuccessfullyWithWrongPassword status=SUCCESS method=LoginTest.loginUnsuccessfullyWithWrongPassword()[pri:0, instance:testscases.LoginTest@45b9a632] output={null}]]]>
              </value>
            </param>
          </params>
          <reporter-output>
          </reporter-output>
        </test-method> <!-- tearDown -->
        <test-method is-config="true" signature="setUp(java.lang.String)[pri:0, instance:testscases.LoginTest@45b9a632]" started-at="2023-11-10T10:21:59 ICT" name="setUp" finished-at="2023-11-10T10:22:07 ICT" duration-ms="8802" status="PASS">
          <params>
            <param index="0">
              <value>
                <![CDATA[chrome]]>
              </value>
            </param>
          </params>
          <reporter-output>
          </reporter-output>
        </test-method> <!-- setUp -->
        <test-method signature="loginUnsuccessfullyWithWrongUser()[pri:0, instance:testscases.LoginTest@45b9a632]" started-at="2023-11-10T10:22:07 ICT" name="loginUnsuccessfullyWithWrongUser" finished-at="2023-11-10T10:22:18 ICT" duration-ms="10804" status="PASS">
          <reporter-output>
          </reporter-output>
        </test-method> <!-- loginUnsuccessfullyWithWrongUser -->
        <test-method is-config="true" signature="tearDown(org.testng.ITestResult)[pri:0, instance:testscases.LoginTest@45b9a632]" started-at="2023-11-10T10:22:18 ICT" name="tearDown" finished-at="2023-11-10T10:22:18 ICT" duration-ms="0" status="PASS">
          <params>
            <param index="0">
              <value>
                <![CDATA[[TestResult name=loginUnsuccessfullyWithWrongUser status=SUCCESS method=LoginTest.loginUnsuccessfullyWithWrongUser()[pri:0, instance:testscases.LoginTest@45b9a632] output={null}]]]>
              </value>
            </param>
          </params>
          <reporter-output>
          </reporter-output>
        </test-method> <!-- tearDown -->
      </class> <!-- testscases.LoginTest -->
    </test> <!-- TestChrome -->
  </suite> <!-- Suit -->
</testng-results>
